[debug] [2023-05-25T10:33:50.588Z] ----------------------------------------------------------------------
[debug] [2023-05-25T10:33:50.590Z] Command:       C:\Program Files\nodejs\node.exe C:\Users\Henrik_Hollosi\AppData\Roaming\npm\node_modules\firebase-tools\lib\bin\firebase.js init
[debug] [2023-05-25T10:33:50.590Z] CLI Version:   12.2.1
[debug] [2023-05-25T10:33:50.590Z] Platform:      win32
[debug] [2023-05-25T10:33:50.590Z] Node Version:  v18.15.0
[debug] [2023-05-25T10:33:50.591Z] Time:          Thu May 25 2023 12:33:50 GMT+0200 (közép-európai nyári idő)
[debug] [2023-05-25T10:33:50.592Z] ----------------------------------------------------------------------
[debug] 
[debug] [2023-05-25T10:33:50.600Z] > command requires scopes: ["email","openid","https://www.googleapis.com/auth/cloudplatformprojects.readonly","https://www.googleapis.com/auth/firebase","https://www.googleapis.com/auth/cloud-platform"]
[debug] [2023-05-25T10:33:50.601Z] > authorizing via signed-in user (holhen@gmail.com)
[info] 
     ######## #### ########  ######## ########     ###     ######  ########
     ##        ##  ##     ## ##       ##     ##  ##   ##  ##       ##
     ######    ##  ########  ######   ########  #########  ######  ######
     ##        ##  ##    ##  ##       ##     ## ##     ##       ## ##
     ##       #### ##     ## ######## ########  ##     ##  ######  ########

You're about to initialize a Firebase project in this directory:

  C:\Angular\RecipeProject

Before we get started, keep in mind:

  * You are currently outside your home directory

[info] 
=== Project Setup
[info] 
[info] First, let's associate this project directory with a Firebase project.
[info] You can create multiple project aliases by running firebase use --add, 
[info] but for now we'll just set up a default project.
[info] 
[debug] [2023-05-25T10:34:34.336Z] >>> [apiv2][query] GET https://firebase.googleapis.com/v1beta1/projects pageSize=100
[debug] [2023-05-25T10:34:35.085Z] <<< [apiv2][status] GET https://firebase.googleapis.com/v1beta1/projects 200
[debug] [2023-05-25T10:34:35.086Z] <<< [apiv2][body] GET https://firebase.googleapis.com/v1beta1/projects [omitted]
[info] i  Using project recipe-book-7888b (recipe-book) 
[info] 
=== Hosting Setup
[info] 
[info] Your public directory is the folder (relative to your project directory) that
[info] will contain Hosting assets to be uploaded with firebase deploy. If you
[info] have a build process for your assets, use your build's output directory.
[info] 
[debug] [2023-05-25T10:38:41.774Z] >>> [apiv2][query] GET https://www.gstatic.com/firebasejs/releases.json [none]
[debug] [2023-05-25T10:38:41.995Z] <<< [apiv2][status] GET https://www.gstatic.com/firebasejs/releases.json 200
[debug] [2023-05-25T10:38:41.995Z] <<< [apiv2][body] GET https://www.gstatic.com/firebasejs/releases.json {"current":{"version":"9.22.0","browserURL":"https://www.gstatic.com/firebasejs/9.22.0/firebase.js","packageURL":"https://www.gstatic.com/firebasejs/9.22.0/firebase.tgz"},"live":{"version":"9.22","browserURL":"https://www.gstatic.com/firebasejs/live/9.22/firebase.js","packageURL":"https://www.gstatic.com/firebasejs/live/9.22/firebase.tgz"},"components":{"analytics":"https://www.gstatic.com/firebasejs/9.22.0/firebase-analytics.js","app":"https://www.gstatic.com/firebasejs/9.22.0/firebase-app.js","app-check":"https://www.gstatic.com/firebasejs/9.22.0/firebase-app-check.js","auth":"https://www.gstatic.com/firebasejs/9.22.0/firebase-auth.js","auth/cordova":"https://www.gstatic.com/firebasejs/9.22.0/firebase-auth/cordova.js","auth/react-native":"https://www.gstatic.com/firebasejs/9.22.0/firebase-auth/react-native.js","functions":"https://www.gstatic.com/firebasejs/9.22.0/firebase-functions.js","firestore":"https://www.gstatic.com/firebasejs/9.22.0/firebase-firestore.js","firestore/lite":"https://www.gstatic.com/firebasejs/9.22.0/firebase-firestore/lite.js","installations":"https://www.gstatic.com/firebasejs/9.22.0/firebase-installations.js","storage":"https://www.gstatic.com/firebasejs/9.22.0/firebase-storage.js","performance":"https://www.gstatic.com/firebasejs/9.22.0/firebase-performance.js","remote-config":"https://www.gstatic.com/firebasejs/9.22.0/firebase-remote-config.js","messaging":"https://www.gstatic.com/firebasejs/9.22.0/firebase-messaging.js","messaging/sw":"https://www.gstatic.com/firebasejs/9.22.0/firebase-messaging/sw.js","database":"https://www.gstatic.com/firebasejs/9.22.0/firebase-database.js","firestore.memory":"https://www.gstatic.com/firebasejs/9.22.0/firebase-firestore.memory.js"}}
[info] i  Skipping write of dist/recipe-project/index.html 
[info] 
[info] i  Detected a .git folder at C:\Angular\RecipeProject 
[info] i  Authorizing with GitHub to upload your service account to a GitHub repository's secrets store. 
[info] 
[info] Visit this URL on this device to log in:
[info] https://github.com/login/oauth/authorize?client_id=89cf50f02ac6aaed3484&state=457507622&redirect_uri=http%3A%2F%2Flocalhost%3A9005&scope=read%3Auser%20repo%20public_repo
[info] 
[info] Waiting for authentication...
[debug] [2023-05-25T10:39:18.230Z] >>> [apiv2][query] POST https://github.com/login/oauth/access_token [none]
[debug] [2023-05-25T10:39:18.231Z] >>> [apiv2][body] POST https://github.com/login/oauth/access_token [stream]
[debug] [2023-05-25T10:39:18.691Z] <<< [apiv2][status] POST https://github.com/login/oauth/access_token 200
[debug] [2023-05-25T10:39:18.692Z] <<< [apiv2][body] POST https://github.com/login/oauth/access_token {"access_token":"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","token_type":"bearer","scope":"read:user,repo"}
[debug] [2023-05-25T10:39:18.697Z] >>> [apiv2][query] GET https://api.github.com/user [none]
[debug] [2023-05-25T10:39:19.010Z] <<< [apiv2][status] GET https://api.github.com/user 200
[debug] [2023-05-25T10:39:19.010Z] <<< [apiv2][body] GET https://api.github.com/user {"login":"holhen","id":20521395,"node_id":"MDQ6VXNlcjIwNTIxMzk1","avatar_url":"https://avatars.githubusercontent.com/u/20521395?v=4","gravatar_id":"","url":"https://api.github.com/users/holhen","html_url":"https://github.com/holhen","followers_url":"https://api.github.com/users/holhen/followers","following_url":"https://api.github.com/users/holhen/following{/other_user}","gists_url":"https://api.github.com/users/holhen/gists{/gist_id}","starred_url":"https://api.github.com/users/holhen/starred{/owner}{/repo}","subscriptions_url":"https://api.github.com/users/holhen/subscriptions","organizations_url":"https://api.github.com/users/holhen/orgs","repos_url":"https://api.github.com/users/holhen/repos","events_url":"https://api.github.com/users/holhen/events{/privacy}","received_events_url":"https://api.github.com/users/holhen/received_events","type":"User","site_admin":false,"name":null,"company":null,"blog":"","location":null,"email":null,"hireable":null,"bio":null,"twitter_username":null,"public_repos":32,"public_gists":0,"followers":0,"following":0,"created_at":"2016-07-18T16:43:37Z","updated_at":"2023-03-01T12:33:38Z","private_gists":0,"total_private_repos":0,"owned_private_repos":0,"disk_usage":86386,"collaborators":0,"two_factor_authentication":false,"plan":{"name":"free","space":976562499,"collaborators":0,"private_repos":10000}}
[info] 
[info] +  Success! Logged into GitHub as holhen 
[info] 
